0 info it worked if it ends with ok
1 verbose cli [ 'E:\\Nodejs\\nodejs\\node.exe',
1 verbose cli   'E:\\Nodejs\\nodejs\\node_modules\\npm\\bin\\npm-cli.js',
1 verbose cli   'run',
1 verbose cli   'dev' ]
2 info using npm@3.10.8
3 info using node@v6.9.1
4 verbose run-script [ 'predev', 'dev', 'postdev' ]
5 info lifecycle react_env@1.0.0~predev: react_env@1.0.0
6 silly lifecycle react_env@1.0.0~predev: no script for predev, continuing
7 info lifecycle react_env@1.0.0~dev: react_env@1.0.0
8 verbose lifecycle react_env@1.0.0~dev: unsafe-perm in lifecycle true
9 verbose lifecycle react_env@1.0.0~dev: PATH: E:\Nodejs\nodejs\node_modules\npm\bin\node-gyp-bin;E:\vuelx\1508b\react_start\two_router\node_modules\.bin;D:\Ruby24-x64\bin;C:\Program Files (x86)\Intel\iCLS Client\;C:\Program Files\Intel\iCLS Client\;C:\Windows\system32;C:\Windows;C:\Windows\System32\Wbem;C:\Windows\System32\WindowsPowerShell\v1.0\;C:\Program Files (x86)\Intel\Intel(R) Management Engine Components\DAL;C:\Program Files\Intel\Intel(R) Management Engine Components\DAL;C:\Program Files (x86)\Intel\Intel(R) Management Engine Components\IPT;C:\Program Files\Intel\Intel(R) Management Engine Components\IPT;C:\Program Files (x86)\ATI Technologies\ATI.ACE\Core-Static;C:\Program Files\Microsoft\Web Platform Installer\;C:\Program Files (x86)\Microsoft ASP.NET\ASP.NET Web Pages\v1.0\;D:\Program Files (x86)\Brackets\command;E:\Nodejs\nodejs\;E:\Nodejs\npm;D:\小软件\ss\bin;E:;Nodejs\npm\node_modules;E:\AppServ\MySQL\bin;C:\Program Files\MySQL\MySQL Server 5.0\bin;D:\using\GIT\Git\cmd;E:\Nodejs\npm;;D:\常用\AppServ\Apache2.2\bin;D:\常用\AppServ\php5;D:\常用\AppServ\MySQL\bin;D:\Microsoft VS Code\bin;E:\模块化\appserver\AppServ\Apache24\bin;E:\模块化\appserver\AppServ\php5;E:\模块化\appserver\AppServ\MySQL\bin
10 verbose lifecycle react_env@1.0.0~dev: CWD: E:\vuelx\1508b\react_start\two_router
11 silly lifecycle react_env@1.0.0~dev: Args: [ '/d /s /c', 'webpack-dev-server --color' ]
12 silly lifecycle react_env@1.0.0~dev: Returned: code: 1  signal: null
13 info lifecycle react_env@1.0.0~dev: Failed to exec dev script
14 verbose stack Error: react_env@1.0.0 dev: `webpack-dev-server --color`
14 verbose stack Exit status 1
14 verbose stack     at EventEmitter.<anonymous> (E:\Nodejs\nodejs\node_modules\npm\lib\utils\lifecycle.js:255:16)
14 verbose stack     at emitTwo (events.js:106:13)
14 verbose stack     at EventEmitter.emit (events.js:191:7)
14 verbose stack     at ChildProcess.<anonymous> (E:\Nodejs\nodejs\node_modules\npm\lib\utils\spawn.js:40:14)
14 verbose stack     at emitTwo (events.js:106:13)
14 verbose stack     at ChildProcess.emit (events.js:191:7)
14 verbose stack     at maybeClose (internal/child_process.js:877:16)
14 verbose stack     at Process.ChildProcess._handle.onexit (internal/child_process.js:226:5)
15 verbose pkgid react_env@1.0.0
16 verbose cwd E:\vuelx\1508b\react_start\two_router
17 error Windows_NT 10.0.10586
18 error argv "E:\\Nodejs\\nodejs\\node.exe" "E:\\Nodejs\\nodejs\\node_modules\\npm\\bin\\npm-cli.js" "run" "dev"
19 error node v6.9.1
20 error npm  v3.10.8
21 error code ELIFECYCLE
22 error react_env@1.0.0 dev: `webpack-dev-server --color`
22 error Exit status 1
23 error Failed at the react_env@1.0.0 dev script 'webpack-dev-server --color'.
23 error Make sure you have the latest version of node.js and npm installed.
23 error If you do, this is most likely a problem with the react_env package,
23 error not with npm itself.
23 error Tell the author that this fails on your system:
23 error     webpack-dev-server --color
23 error You can get information on how to open an issue for this project with:
23 error     npm bugs react_env
23 error Or if that isn't available, you can get their info via:
23 error     npm owner ls react_env
23 error There is likely additional logging output above.
24 verbose exit [ 1, true ]
